<?xml version="1.0" encoding="UTF-8"?>
<!-- Generated by org.testng.reporters.JUnitXMLReporter -->
<testsuite ignored="3" hostname="DESKTOP-6P4MI60" failures="0" tests="2" name="Default test" time="2.406" errors="0" timestamp="2024-06-11T17:35:01 EEST">
  <testcase classname="MyTestCases" name="loginTest" time="0.315"/>
  <testcase classname="MyTestCases" name="addOneItemAndSkipTheNext" time="0.16"/>
  <testcase classname="MyTestCases" name="addItemsIfPricGraterThanFifteen" time="0.0">
    <ignored/>
  </testcase> <!-- addItemsIfPricGraterThanFifteen -->
  <testcase classname="MyTestCases" name="findAllElementsThatHasTextLabs" time="0.0">
    <ignored/>
  </testcase> <!-- findAllElementsThatHasTextLabs -->
  <testcase classname="MyTestCases" name="addAllItems" time="0.0">
    <ignored/>
  </testcase> <!-- addAllItems -->
</testsuite> <!-- Default test -->
