<?xml version="1.0" encoding="UTF-8"?>
<testng-results ignored="3" total="5" passed="2" failed="0" skipped="0">
  <reporter-output>
  </reporter-output>
  <suite started-at="2024-06-11T17:34:58 EEST" name="Default suite" finished-at="2024-06-11T17:35:01 EEST" duration-ms="2406">
    <groups>
    </groups>
    <test started-at="2024-06-11T17:34:58 EEST" name="Default test" finished-at="2024-06-11T17:35:01 EEST" duration-ms="2406">
      <class name="MyTestCases">
        <test-method is-config="true" signature="setUp()[pri:0, instance:MyTestCases@5b080f3a]" started-at="2024-06-11T17:34:58 EEST" name="setUp" finished-at="2024-06-11T17:35:00 EEST" duration-ms="1894" status="PASS">
          <reporter-output>
          </reporter-output>
        </test-method> <!-- setUp -->
        <test-method signature="loginTest()[pri:1, instance:MyTestCases@5b080f3a]" started-at="2024-06-11T17:35:00 EEST" name="loginTest" finished-at="2024-06-11T17:35:00 EEST" duration-ms="315" status="PASS">
          <reporter-output>
          </reporter-output>
        </test-method> <!-- loginTest -->
        <test-method signature="addOneItemAndSkipTheNext()[pri:3, instance:MyTestCases@5b080f3a]" started-at="2024-06-11T17:35:00 EEST" name="addOneItemAndSkipTheNext" finished-at="2024-06-11T17:35:01 EEST" duration-ms="160" status="PASS">
          <reporter-output>
          </reporter-output>
        </test-method> <!-- addOneItemAndSkipTheNext -->
      </class> <!-- MyTestCases -->
    </test> <!-- Default test -->
  </suite> <!-- Default suite -->
</testng-results>
